Detecting C [-std=c11] compiler features failed to compile with the following output:
Change Dir: /Users/Atlantis/My Projects/C:C++/leetcode/cmake-build-debug/CMakeFiles/CMakeTmp

Run Build Command:"/usr/bin/make" "cmTC_c9820/fast"
/Library/Developer/CommandLineTools/usr/bin/make -f CMakeFiles/cmTC_c9820.dir/build.make CMakeFiles/cmTC_c9820.dir/build
CMakeFiles/cmTC_c9820.dir/build.make:64: *** target pattern contains no `%'.  Stop.
make: *** [cmTC_c9820/fast] Error 2



Detecting CXX [-std=c++1z] compiler features failed to compile with the following output:
Change Dir: /Users/Atlantis/My Projects/C:C++/leetcode/cmake-build-debug/CMakeFiles/CMakeTmp

Run Build Command:"/usr/bin/make" "cmTC_7a815/fast"
/Library/Developer/CommandLineTools/usr/bin/make -f CMakeFiles/cmTC_7a815.dir/build.make CMakeFiles/cmTC_7a815.dir/build
CMakeFiles/cmTC_7a815.dir/build.make:64: *** target pattern contains no `%'.  Stop.
make: *** [cmTC_7a815/fast] Error 2



